 [DEBUG] 2019-03-06 10:15:12,294 [10] MAuthAPI.Controllers.AuthorizationController - .ctor - Entered into mAUth controller
 [DEBUG] 2019-03-06 10:15:12,771 [10] MAuthAPI.Controllers.AuthorizationController - GetStationList - Entered intoGet Stattion List
 [DEBUG] 2019-03-06 10:15:17,343 [10] MAuthAPI.Controllers.AuthorizationController - .ctor - Entered into mAUth controller
 [DEBUG] 2019-03-06 10:15:17,345 [10] MAuthAPI.Controllers.AuthorizationController - GetAttractions - Entered into Get Attractions
 [DEBUG] 2019-03-06 10:16:13,373 [10] MAuthAPI.Controllers.AuthorizationController - .ctor - Entered into mAUth controller
 [DEBUG] 2019-03-06 10:16:13,374 [10] MAuthAPI.Controllers.AuthorizationController - GetStationList - Entered intoGet Stattion List
 [DEBUG] 2019-03-06 12:17:34,547 [33] MAuthAPI.Controllers.AuthorizationController - .ctor - Entered into mAUth controller
 [DEBUG] 2019-03-06 12:17:34,724 [33] MAuthAPI.Controllers.AuthorizationController - GetAttractions - Entered into Get Attractions
 [DEBUG] 2019-03-06 12:17:41,767 [24] MAuthAPI.Controllers.AuthorizationController - .ctor - Entered into mAUth controller
 [DEBUG] 2019-03-06 12:17:41,769 [24] MAuthAPI.Controllers.AuthorizationController - GetStationList - Entered intoGet Stattion List
 [DEBUG] 2019-03-06 12:20:47,276 [36] MAuthAPI.Controllers.AuthorizationController - .ctor - Entered into mAUth controller
 [DEBUG] 2019-03-06 12:20:47,277 [36] MAuthAPI.Controllers.AuthorizationController - GetStationList - Entered intoGet Stattion List
 [DEBUG] 2019-03-06 12:24:48,201 [38] MAuthAPI.Controllers.AuthorizationController - .ctor - Entered into mAUth controller
 [DEBUG] 2019-03-06 12:24:48,202 [38] MAuthAPI.Controllers.AuthorizationController - GetStationList - Entered intoGet Stattion List
 [DEBUG] 2019-03-06 12:25:07,491 [45] MAuthAPI.Controllers.AuthorizationController - .ctor - Entered into mAUth controller
 [DEBUG] 2019-03-06 12:25:07,517 [49] MAuthAPI.Controllers.AuthorizationController - .ctor - Entered into mAUth controller
 [DEBUG] 2019-03-06 12:26:51,804 [46] MAuthAPI.Controllers.AuthorizationController - .ctor - Entered into mAUth controller
 [DEBUG] 2019-03-06 12:26:51,805 [46] MAuthAPI.Controllers.AuthorizationController - GetStationList - Entered intoGet Stattion List
 [DEBUG] 2019-03-06 12:26:53,740 [45] MAuthAPI.Controllers.AuthorizationController - .ctor - Entered into mAUth controller
 [DEBUG] 2019-03-06 12:26:53,741 [45] MAuthAPI.Controllers.AuthorizationController - GetAttractions - Entered into Get Attractions
 [DEBUG] 2019-03-06 12:28:45,865 [48] MAuthAPI.Controllers.AuthorizationController - .ctor - Entered into mAUth controller
 [DEBUG] 2019-03-06 12:28:45,866 [48] MAuthAPI.Controllers.AuthorizationController - GetStationList - Entered intoGet Stattion List
 [DEBUG] 2019-03-06 12:28:51,377 [45] MAuthAPI.Controllers.AuthorizationController - .ctor - Entered into mAUth controller
 [DEBUG] 2019-03-06 12:28:51,378 [45] MAuthAPI.Controllers.AuthorizationController - GetAttractions - Entered into Get Attractions
 [DEBUG] 2019-03-06 12:29:34,514 [45] MAuthAPI.Controllers.AuthorizationController - .ctor - Entered into mAUth controller
 [DEBUG] 2019-03-06 12:29:34,515 [45] MAuthAPI.Controllers.AuthorizationController - GetStationList - Entered intoGet Stattion List
 [DEBUG] 2019-03-06 12:29:51,952 [45] MAuthAPI.Controllers.AuthorizationController - .ctor - Entered into mAUth controller
 [DEBUG] 2019-03-06 12:29:51,984 [49] MAuthAPI.Controllers.AuthorizationController - .ctor - Entered into mAUth controller
 [DEBUG] 2019-03-06 12:30:00,456 [49] MAuthAPI.Controllers.AuthorizationController - .ctor - Entered into mAUth controller
 [DEBUG] 2019-03-06 12:30:00,456 [49] MAuthAPI.Controllers.AuthorizationController - GetAttractions - Entered into Get Attractions
 [DEBUG] 2019-03-06 12:30:04,551 [45] MAuthAPI.Controllers.AuthorizationController - .ctor - Entered into mAUth controller
 [DEBUG] 2019-03-06 12:30:04,584 [49] MAuthAPI.Controllers.AuthorizationController - .ctor - Entered into mAUth controller
 [DEBUG] 2019-03-06 12:30:11,411 [48] MAuthAPI.Controllers.AuthorizationController - .ctor - Entered into mAUth controller
 [DEBUG] 2019-03-06 12:30:11,419 [50] MAuthAPI.Controllers.AuthorizationController - .ctor - Entered into mAUth controller
 [DEBUG] 2019-03-06 12:30:11,547 [50] MAuthAPI.Controllers.AuthorizationController - Validate - Entered into validate with code e0005246
 [DEBUG] 2019-03-06 12:30:11,559 [50] MAuthAPI.Controllers.AuthorizationController - Validate - Status Valid
 [DEBUG] 2019-03-06 12:30:11,559 [50] MAuthAPI.Controllers.AuthorizationController - Validate - Type  MEMBERTYPE
 [DEBUG] 2019-03-06 12:32:33,803 [45] MAuthAPI.Controllers.AuthorizationController - .ctor - Entered into mAUth controller
 [DEBUG] 2019-03-06 12:32:33,804 [45] MAuthAPI.Controllers.AuthorizationController - GetAttractions - Entered into Get Attractions
 [DEBUG] 2019-03-06 12:32:44,427 [59] MAuthAPI.Controllers.AuthorizationController - .ctor - Entered into mAUth controller
 [DEBUG] 2019-03-06 12:32:44,435 [49] MAuthAPI.Controllers.AuthorizationController - .ctor - Entered into mAUth controller
 [DEBUG] 2019-03-06 12:32:44,435 [49] MAuthAPI.Controllers.AuthorizationController - Validate - Entered into validate with code e0005246
 [DEBUG] 2019-03-06 12:32:44,445 [49] MAuthAPI.Controllers.AuthorizationController - Validate - Status Valid
 [DEBUG] 2019-03-06 12:32:44,446 [49] MAuthAPI.Controllers.AuthorizationController - Validate - Type  MEMBERTYPE
 [DEBUG] 2019-03-06 12:34:06,868 [45] MAuthAPI.Controllers.AuthorizationController - .ctor - Entered into mAUth controller
 [DEBUG] 2019-03-06 12:34:06,869 [45] MAuthAPI.Controllers.AuthorizationController - GetAttractions - Entered into Get Attractions
 [DEBUG] 2019-03-06 12:34:14,657 [59] MAuthAPI.Controllers.AuthorizationController - .ctor - Entered into mAUth controller
 [DEBUG] 2019-03-06 12:34:14,664 [62] MAuthAPI.Controllers.AuthorizationController - .ctor - Entered into mAUth controller
 [DEBUG] 2019-03-06 12:34:14,664 [62] MAuthAPI.Controllers.AuthorizationController - Validate - Entered into validate with code e0005246
 [DEBUG] 2019-03-06 12:34:14,674 [62] MAuthAPI.Controllers.AuthorizationController - Validate - Status Valid
 [DEBUG] 2019-03-06 12:34:14,675 [62] MAuthAPI.Controllers.AuthorizationController - Validate - Type  MEMBERTYPE
 [DEBUG] 2019-03-06 12:38:29,144 [45] MAuthAPI.Controllers.AuthorizationController - .ctor - Entered into mAUth controller
 [DEBUG] 2019-03-06 12:38:29,146 [45] MAuthAPI.Controllers.AuthorizationController - GetAttractions - Entered into Get Attractions
 [DEBUG] 2019-03-06 12:38:38,712 [45] MAuthAPI.Controllers.AuthorizationController - .ctor - Entered into mAUth controller
 [DEBUG] 2019-03-06 12:38:38,721 [48] MAuthAPI.Controllers.AuthorizationController - .ctor - Entered into mAUth controller
 [DEBUG] 2019-03-06 12:38:38,722 [48] MAuthAPI.Controllers.AuthorizationController - Validate - Entered into validate with code e0005246
 [DEBUG] 2019-03-06 12:38:38,732 [48] MAuthAPI.Controllers.AuthorizationController - Validate - Status Valid
 [DEBUG] 2019-03-06 12:38:38,732 [48] MAuthAPI.Controllers.AuthorizationController - Validate - Type  MEMBERTYPE
 [DEBUG] 2019-03-06 12:38:56,366 [45] MAuthAPI.Controllers.AuthorizationController - .ctor - Entered into mAUth controller
 [DEBUG] 2019-03-06 12:38:56,373 [48] MAuthAPI.Controllers.AuthorizationController - .ctor - Entered into mAUth controller
 [DEBUG] 2019-03-06 12:38:56,374 [48] MAuthAPI.Controllers.AuthorizationController - Validate - Entered into validate with code e0005246
 [DEBUG] 2019-03-06 12:38:56,383 [48] MAuthAPI.Controllers.AuthorizationController - Validate - Status Valid
 [DEBUG] 2019-03-06 12:38:56,384 [48] MAuthAPI.Controllers.AuthorizationController - Validate - Type  MEMBERTYPE
 [DEBUG] 2019-03-06 12:39:29,977 [66] MAuthAPI.Controllers.AuthorizationController - .ctor - Entered into mAUth controller
 [DEBUG] 2019-03-06 12:39:29,986 [45] MAuthAPI.Controllers.AuthorizationController - .ctor - Entered into mAUth controller
 [DEBUG] 2019-03-06 12:39:29,987 [45] MAuthAPI.Controllers.AuthorizationController - Validate - Entered into validate with code e0005246
 [DEBUG] 2019-03-06 12:39:29,997 [45] MAuthAPI.Controllers.AuthorizationController - Validate - Status Valid
 [DEBUG] 2019-03-06 12:39:29,997 [45] MAuthAPI.Controllers.AuthorizationController - Validate - Type  MEMBERTYPE
 [DEBUG] 2019-03-06 12:40:26,127 [45] MAuthAPI.Controllers.AuthorizationController - .ctor - Entered into mAUth controller
 [DEBUG] 2019-03-06 12:40:26,128 [45] MAuthAPI.Controllers.AuthorizationController - GetAttractions - Entered into Get Attractions
 [DEBUG] 2019-03-06 12:40:34,754 [45] MAuthAPI.Controllers.AuthorizationController - .ctor - Entered into mAUth controller
 [DEBUG] 2019-03-06 12:40:34,761 [49] MAuthAPI.Controllers.AuthorizationController - .ctor - Entered into mAUth controller
 [DEBUG] 2019-03-06 12:40:34,762 [49] MAuthAPI.Controllers.AuthorizationController - Validate - Entered into validate with code e0005246
 [DEBUG] 2019-03-06 12:40:34,772 [49] MAuthAPI.Controllers.AuthorizationController - Validate - Status Valid
 [DEBUG] 2019-03-06 12:40:34,772 [49] MAuthAPI.Controllers.AuthorizationController - Validate - Type  MEMBERTYPE
 [DEBUG] 2019-03-06 14:25:40,600 [12] MAuthAPI.Controllers.AuthorizationController - .ctor - Entered into mAUth controller
 [DEBUG] 2019-03-06 14:25:40,712 [12] MAuthAPI.Controllers.AuthorizationController - GetAttractions - Entered into Get Attractions
 [DEBUG] 2019-03-06 14:25:42,479 [5] MAuthAPI.Controllers.AuthorizationController - .ctor - Entered into mAUth controller
 [DEBUG] 2019-03-06 14:25:42,481 [5] MAuthAPI.Controllers.AuthorizationController - GetStationList - Entered intoGet Stattion List
 [DEBUG] 2019-03-06 14:27:32,155 [5] MAuthAPI.Controllers.AuthorizationController - .ctor - Entered into mAUth controller
 [DEBUG] 2019-03-06 14:27:32,156 [5] MAuthAPI.Controllers.AuthorizationController - GetStationList - Entered intoGet Stattion List
 [DEBUG] 2019-03-06 14:27:32,820 [6] MAuthAPI.Controllers.AuthorizationController - .ctor - Entered into mAUth controller
 [DEBUG] 2019-03-06 14:27:32,821 [6] MAuthAPI.Controllers.AuthorizationController - GetAttractions - Entered into Get Attractions
 [DEBUG] 2019-03-06 14:36:10,852 [19] MAuthAPI.Controllers.AuthorizationController - .ctor - Entered into mAUth controller
 [DEBUG] 2019-03-06 14:36:10,853 [19] MAuthAPI.Controllers.AuthorizationController - GetStationList - Entered intoGet Stattion List
 [DEBUG] 2019-03-06 14:36:29,485 [6] MAuthAPI.Controllers.AuthorizationController - .ctor - Entered into mAUth controller
 [DEBUG] 2019-03-06 14:36:29,485 [6] MAuthAPI.Controllers.AuthorizationController - GetStationList - Entered intoGet Stattion List
 [DEBUG] 2019-03-06 14:36:34,425 [18] MAuthAPI.Controllers.AuthorizationController - .ctor - Entered into mAUth controller
 [DEBUG] 2019-03-06 14:36:34,456 [19] MAuthAPI.Controllers.AuthorizationController - .ctor - Entered into mAUth controller
 [DEBUG] 2019-03-06 14:36:51,634 [6] MAuthAPI.Controllers.AuthorizationController - .ctor - Entered into mAUth controller
 [DEBUG] 2019-03-06 14:37:09,946 [18] MAuthAPI.Controllers.AuthorizationController - .ctor - Entered into mAUth controller
 [DEBUG] 2019-03-06 14:37:09,947 [18] MAuthAPI.Controllers.AuthorizationController - GetAttractions - Entered into Get Attractions
 [DEBUG] 2019-03-06 14:40:52,329 [19] MAuthAPI.Controllers.AuthorizationController - .ctor - Entered into mAUth controller
 [DEBUG] 2019-03-06 14:40:52,329 [19] MAuthAPI.Controllers.AuthorizationController - GetStationList - Entered intoGet Stattion List
 [DEBUG] 2019-03-06 14:40:55,416 [6] MAuthAPI.Controllers.AuthorizationController - .ctor - Entered into mAUth controller
 [DEBUG] 2019-03-06 14:40:55,417 [6] MAuthAPI.Controllers.AuthorizationController - GetAttractions - Entered into Get Attractions
 [DEBUG] 2019-03-06 15:02:53,268 [36] MAuthAPI.Controllers.AuthorizationController - .ctor - Entered into mAUth controller
 [DEBUG] 2019-03-06 15:02:53,269 [36] MAuthAPI.Controllers.AuthorizationController - GetAttractions - Entered into Get Attractions
 [DEBUG] 2019-03-06 15:02:55,539 [6] MAuthAPI.Controllers.AuthorizationController - .ctor - Entered into mAUth controller
 [DEBUG] 2019-03-06 15:02:55,540 [6] MAuthAPI.Controllers.AuthorizationController - GetStationList - Entered intoGet Stattion List
 [DEBUG] 2019-03-06 15:03:13,428 [6] MAuthAPI.Controllers.AuthorizationController - .ctor - Entered into mAUth controller
 [DEBUG] 2019-03-06 15:03:13,436 [37] MAuthAPI.Controllers.AuthorizationController - .ctor - Entered into mAUth controller
 [DEBUG] 2019-03-06 15:03:13,545 [37] MAuthAPI.Controllers.AuthorizationController - Validate - Entered into validate with code e0005246
 [DEBUG] 2019-03-06 15:03:13,556 [37] MAuthAPI.Controllers.AuthorizationController - Validate - Status Valid
 [DEBUG] 2019-03-06 15:03:13,556 [37] MAuthAPI.Controllers.AuthorizationController - Validate - Type  MEMBERTYPE
 [DEBUG] 2019-03-06 15:56:53,257 [82] MAuthAPI.Controllers.AuthorizationController - .ctor - Entered into mAUth controller
 [DEBUG] 2019-03-06 15:56:53,260 [82] MAuthAPI.Controllers.AuthorizationController - GetAttractions - Entered into Get Attractions
 [DEBUG] 2019-03-06 15:57:00,482 [82] MAuthAPI.Controllers.AuthorizationController - .ctor - Entered into mAUth controller
 [DEBUG] 2019-03-06 15:57:00,492 [82] MAuthAPI.Controllers.AuthorizationController - .ctor - Entered into mAUth controller
 [DEBUG] 2019-03-06 15:57:00,494 [82] MAuthAPI.Controllers.AuthorizationController - Validate - Entered into validate with code e0005246
 [DEBUG] 2019-03-06 15:57:00,504 [82] MAuthAPI.Controllers.AuthorizationController - Validate - Status Valid
 [DEBUG] 2019-03-06 15:57:00,505 [82] MAuthAPI.Controllers.AuthorizationController - Validate - Type  MEMBERTYPE
